<?xml version="1.0" encoding="UTF-8"?>
<!-- Generated by org.testng.reporters.JUnitReportReporter -->
<testsuite hostname="DESKTOP-I2EEL00" failures="0" tests="1" name="Demo.PracticeTest" time="0.009" errors="0" timestamp="2023-07-07T10:30:37 IST" skipped="0">
  <testcase classname="Demo.PracticeTest" name="m1Test" time="0.009"/>
  <system-out/>
</testsuite> <!-- Demo.PracticeTest -->
