<?xml version="1.0" encoding="UTF-8"?>
<!-- Generated by org.testng.reporters.JUnitReportReporter -->
<testsuite hostname="DESKTOP-I2EEL00" failures="0" tests="1" name="Demo.Practice" time="10.935" errors="0" timestamp="2023-07-06T10:17:15 IST" skipped="0">
  <testcase classname="Demo.Practice" name="m1" time="10.935"/>
  <system-out/>
</testsuite> <!-- Demo.Practice -->
