<?xml version="1.0" encoding="UTF-8"?>
<!-- Generated by org.testng.reporters.JUnitReportReporter -->
<testsuite hostname="DESKTOP-I2EEL00" failures="0" tests="1" name="Demo.Practice2Test" time="0.018" errors="0" timestamp="2023-07-07T10:30:27 IST" skipped="0">
  <testcase classname="Demo.Practice2Test" name="m2Test" time="0.018"/>
  <system-out/>
</testsuite> <!-- Demo.Practice2Test -->
